[debug] [2020-04-20T19:08:26.999Z] ----------------------------------------------------------------------
[debug] [2020-04-20T19:08:27.008Z] Command:       C:\Program Files\nodejs\node.exe C:\Users\Admin\AppData\Roaming\npm\node_modules\firebase-tools\lib\bin\firebase.js serve
[debug] [2020-04-20T19:08:27.009Z] CLI Version:   8.1.1
[debug] [2020-04-20T19:08:27.009Z] Platform:      win32
[debug] [2020-04-20T19:08:27.009Z] Node Version:  v12.15.0
[debug] [2020-04-20T19:08:27.065Z] Time:          Mon Apr 20 2020 22:08:27 GMT+0300 (Eastern European Summer Time)
[debug] [2020-04-20T19:08:27.065Z] ----------------------------------------------------------------------
[debug] [2020-04-20T19:08:27.065Z] 
[debug] [2020-04-20T19:08:27.158Z] > command requires scopes: ["email","openid","https://www.googleapis.com/auth/cloudplatformprojects.readonly","https://www.googleapis.com/auth/firebase","https://www.googleapis.com/auth/cloud-platform"]
[debug] [2020-04-20T19:08:27.160Z] > authorizing via signed-in user
[debug] [2020-04-20T19:08:27.160Z] [iam] checking project react-social-network-a5dc0 for permissions ["firebase.projects.get"]
[debug] [2020-04-20T19:08:27.203Z] > refreshing access token with scopes: ["email","https://www.googleapis.com/auth/cloud-platform","https://www.googleapis.com/auth/cloudplatformprojects.readonly","https://www.googleapis.com/auth/firebase","openid"]
[debug] [2020-04-20T19:08:27.204Z] >>> HTTP REQUEST POST https://www.googleapis.com/oauth2/v3/token  
 <request body omitted>
[debug] [2020-04-20T19:08:27.892Z] <<< HTTP RESPONSE 200 {"content-type":"application/json; charset=utf-8","vary":"X-Origin, Referer, Origin,Accept-Encoding","date":"Mon, 20 Apr 2020 19:08:27 GMT","server":"scaffolding on HTTPServer2","cache-control":"private","x-xss-protection":"0","x-frame-options":"SAMEORIGIN","x-content-type-options":"nosniff","alt-svc":"quic=\":443\"; ma=2592000; v=\"46,43\",h3-Q050=\":443\"; ma=2592000,h3-Q049=\":443\"; ma=2592000,h3-Q048=\":443\"; ma=2592000,h3-Q046=\":443\"; ma=2592000,h3-Q043=\":443\"; ma=2592000,h3-T050=\":443\"; ma=2592000","accept-ranges":"none","transfer-encoding":"chunked"}
[debug] [2020-04-20T19:08:27.952Z] >>> HTTP REQUEST POST https://cloudresourcemanager.googleapis.com/v1/projects/react-social-network-a5dc0:testIamPermissions  
 {"permissions":["firebase.projects.get"]}
[debug] [2020-04-20T19:08:28.937Z] <<< HTTP RESPONSE 200 {"content-type":"application/json; charset=UTF-8","vary":"X-Origin, Referer, Origin,Accept-Encoding","date":"Mon, 20 Apr 2020 19:08:28 GMT","server":"ESF","cache-control":"private","x-xss-protection":"0","x-frame-options":"SAMEORIGIN","x-content-type-options":"nosniff","server-timing":"gfet4t7; dur=830","alt-svc":"quic=\":443\"; ma=2592000; v=\"46,43\",h3-Q050=\":443\"; ma=2592000,h3-Q049=\":443\"; ma=2592000,h3-Q048=\":443\"; ma=2592000,h3-Q046=\":443\"; ma=2592000,h3-Q043=\":443\"; ma=2592000,h3-T050=\":443\"; ma=2592000","accept-ranges":"none","transfer-encoding":"chunked"}
[debug] [2020-04-20T19:08:28.939Z] >>> HTTP REQUEST GET https://firebase.googleapis.com/v1beta1/projects/react-social-network-a5dc0  
 
[debug] [2020-04-20T19:08:29.311Z] <<< HTTP RESPONSE 200 {"content-type":"application/json; charset=UTF-8","vary":"X-Origin, Referer, Origin,Accept-Encoding","date":"Mon, 20 Apr 2020 19:08:29 GMT","server":"ESF","cache-control":"private","x-xss-protection":"0","x-frame-options":"SAMEORIGIN","x-content-type-options":"nosniff","alt-svc":"quic=\":443\"; ma=2592000; v=\"46,43\",h3-Q050=\":443\"; ma=2592000,h3-Q049=\":443\"; ma=2592000,h3-Q048=\":443\"; ma=2592000,h3-Q046=\":443\"; ma=2592000,h3-Q043=\":443\"; ma=2592000,h3-T050=\":443\"; ma=2592000","accept-ranges":"none","transfer-encoding":"chunked"}
[info] 
[info] === Serving from 'D:\react-projoct-social-network'...
[info] 
[debug] [2020-04-20T19:08:29.316Z] >>> HTTP REQUEST GET https://firebase.googleapis.com/v1beta1/projects/react-social-network-a5dc0/webApps/-/config  
 
[debug] [2020-04-20T19:08:30.154Z] <<< HTTP RESPONSE 200 {"content-type":"application/json; charset=UTF-8","vary":"X-Origin, Referer, Origin,Accept-Encoding","date":"Mon, 20 Apr 2020 19:08:30 GMT","server":"ESF","cache-control":"private","x-xss-protection":"0","x-frame-options":"SAMEORIGIN","x-content-type-options":"nosniff","alt-svc":"quic=\":443\"; ma=2592000; v=\"46,43\",h3-Q050=\":443\"; ma=2592000,h3-Q049=\":443\"; ma=2592000,h3-Q048=\":443\"; ma=2592000,h3-Q046=\":443\"; ma=2592000,h3-Q043=\":443\"; ma=2592000,h3-T050=\":443\"; ma=2592000","accept-ranges":"none","transfer-encoding":"chunked"}
[info] i  hosting: Serving hosting files from: build
[info] +  hosting: Local server: http://localhost:5000
